<?xml version="1.0" encoding="UTF-8"?>
<testng-results skipped="0" failed="0" ignored="0" total="1" passed="1">
  <reporter-output>
  </reporter-output>
  <suite name="Default suite" duration-ms="5441" started-at="2018-09-05T14:13:52Z" finished-at="2018-09-05T14:13:58Z">
    <groups>
    </groups>
    <test name="Default test" duration-ms="5441" started-at="2018-09-05T14:13:52Z" finished-at="2018-09-05T14:13:58Z">
      <class name="tests.APIDay5_POSTthenGET">
        <test-method status="PASS" signature="PostEmployeeThenGetEmployee()[pri:0, instance:tests.APIDay5_POSTthenGET@402a079c]" name="PostEmployeeThenGetEmployee" duration-ms="5382" started-at="2018-09-05T14:13:52Z" finished-at="2018-09-05T14:13:58Z">
          <reporter-output>
          </reporter-output>
        </test-method> <!-- PostEmployeeThenGetEmployee -->
      </class> <!-- tests.APIDay5_POSTthenGET -->
    </test> <!-- Default test -->
  </suite> <!-- Default suite -->
</testng-results>
